<?xml version="1.0" encoding="UTF-8"?>
<!-- Generated by org.testng.reporters.JUnitReportReporter -->
<testsuite hostname="LTIN617472" failures="0" tests="1" name="com.example.apitests.FollowRedirectsNoRelaxedHttpsOnRedirects" time="2.124" errors="0" timestamp="2025-07-03T11:39:45 IST" skipped="0">
  <testcase classname="com.example.apitests.FollowRedirectsNoRelaxedHttpsOnRedirects" name="testFollowRedirectsWithSpecificHttpsValidation" time="2.124"/>
</testsuite> <!-- com.example.apitests.FollowRedirectsNoRelaxedHttpsOnRedirects -->
