<?xml version="1.0" encoding="UTF-8"?>
<!-- Generated by org.testng.reporters.JUnitReportReporter -->
<testsuite hostname="LTIN617472" failures="0" tests="8" name="test.TestCase" time="11.978" errors="0" timestamp="2025-06-19T21:16:32 IST" skipped="0">
  <testcase classname="test.TestCase" name="goToCreateAccount" time="2.736"/>
  <testcase classname="test.TestCase" name="goToCreateAccount" time="2.770"/>
  <testcase classname="test.TestCase" name="goToTermsAndConditions" time="1.455"/>
  <testcase classname="test.TestCase" name="goToTermsAndConditions" time="1.394"/>
  <testcase classname="test.TestCase" name="childWindowOp" time="0.246"/>
  <testcase classname="test.TestCase" name="childWindowOp" time="0.116"/>
  <testcase classname="test.TestCase" name="switchBack" time="1.985"/>
  <testcase classname="test.TestCase" name="switchBack" time="1.276"/>
</testsuite> <!-- test.TestCase -->
