<?xml version="1.0" encoding="UTF-8"?>
<!-- Generated by org.testng.reporters.JUnitReportReporter -->
<testsuite hostname="LTIN617472" failures="0" tests="20" name="selenium.FirstCase" time="21.881" errors="0" timestamp="2025-06-19T20:47:18 IST" skipped="0">
  <testcase classname="selenium.FirstCase" name="enterURL" time="1.012"/>
  <testcase classname="selenium.FirstCase" name="enterURL" time="1.039"/>
  <testcase classname="selenium.FirstCase" name="clickCreateAccountLink" time="3.382"/>
  <testcase classname="selenium.FirstCase" name="clickCreateAccountLink" time="1.365"/>
  <testcase classname="selenium.FirstCase" name="validateCreateAccountPage" time="0.076"/>
  <testcase classname="selenium.FirstCase" name="validateCreateAccountPage" time="0.088"/>
  <testcase classname="selenium.FirstCase" name="countAndPrintAllLinks" time="0.072"/>
  <testcase classname="selenium.FirstCase" name="countAndPrintAllLinks" time="0.079"/>
  <testcase classname="selenium.FirstCase" name="clickTermsAndConditionsLink" time="3.120"/>
  <testcase classname="selenium.FirstCase" name="clickTermsAndConditionsLink" time="3.246"/>
  <testcase classname="selenium.FirstCase" name="validateChildWindowOpened" time="0.015"/>
  <testcase classname="selenium.FirstCase" name="validateChildWindowOpened" time="0.010"/>
  <testcase classname="selenium.FirstCase" name="switchToChildWindow" time="2.075"/>
  <testcase classname="selenium.FirstCase" name="switchToChildWindow" time="2.062"/>
  <testcase classname="selenium.FirstCase" name="getChildWindowTitle" time="0.013"/>
  <testcase classname="selenium.FirstCase" name="getChildWindowTitle" time="0.010"/>
  <testcase classname="selenium.FirstCase" name="closeChildWindow" time="0.079"/>
  <testcase classname="selenium.FirstCase" name="closeChildWindow" time="0.045"/>
  <testcase classname="selenium.FirstCase" name="switchToParentWindow" time="2.027"/>
  <testcase classname="selenium.FirstCase" name="switchToParentWindow" time="2.066"/>
</testsuite> <!-- selenium.FirstCase -->
