<?xml version="1.0" encoding="UTF-8"?>
<!-- Generated by org.testng.reporters.JUnitReportReporter -->
<testsuite hostname="LTIN617472" failures="0" tests="1" name="com.newproject.apitests.CountUniversitiesResponseLog" time="2.962" errors="0" timestamp="2025-07-04T10:27:18 IST" skipped="0">
  <testcase classname="com.newproject.apitests.CountUniversitiesResponseLog" name="countUniversitiesInFranceAndLogResponse" time="2.962"/>
</testsuite> <!-- com.newproject.apitests.CountUniversitiesResponseLog -->
