<?xml version="1.0" encoding="UTF-8"?>
<!-- Generated by org.testng.reporters.JUnitReportReporter -->
<testsuite hostname="LTIN617472" failures="0" tests="1" name="com.example.tests.BasicAuthApiTest11" time="1.576" errors="0" timestamp="2025-07-01T17:30:36 IST" skipped="0">
  <testcase classname="com.example.tests.BasicAuthApiTest11" name="testGetPostWithBaseUriAndPathParam" time="1.576"/>
</testsuite> <!-- com.example.tests.BasicAuthApiTest11 -->
